<?xml version="1.0" encoding="UTF-8"?>
<!-- Generated by org.testng.reporters.JUnitReportReporter -->
<testsuite skipped="0" hostname="LEON-LT-180226B" name="Execution.Tc_TestNG" tests="1" failures="0" timestamp="17 Jun 2020 06:43:39 GMT" time="46.285" errors="0">
  <testcase name="Tc_Login_Searching_AddingCart" time="46.285" classname="Execution.Tc_TestNG"/>
</testsuite> <!-- Execution.Tc_TestNG -->
